#
# There is insufficient memory for the Java Runtime Environment to continue.
# Native memory allocation (malloc) failed to allocate 32744 bytes for ChunkPool::allocate
# Possible reasons:
#   The system is out of physical RAM or swap space
#   In 32 bit mode, the process size limit was hit
# Possible solutions:
#   Reduce memory load on the system
#   Increase physical memory or swap space
#   Check if swap backing store is full
#   Use 64 bit Java on a 64 bit OS
#   Decrease Java heap size (-Xmx/-Xms)
#   Decrease number of Java threads
#   Decrease Java thread stack sizes (-Xss)
#   Set larger code cache with -XX:ReservedCodeCacheSize=
# This output file may be truncated or incomplete.
#
#  Out of Memory Error (allocation.cpp:273), pid=9748, tid=0x0000000000006c50
#
# JRE version: Java(TM) SE Runtime Environment (8.0_111-b14) (build 1.8.0_111-b14)
# Java VM: Java HotSpot(TM) 64-Bit Server VM (25.111-b14 mixed mode windows-amd64 compressed oops)
# Failed to write core dump. Minidumps are not enabled by default on client versions of Windows
#

---------------  T H R E A D  ---------------

Current thread (0x00000000156cd000):  JavaThread "C2 CompilerThread0" daemon [_thread_in_native, id=27728, stack(0x0000000016600000,0x0000000016700000)]

Stack: [0x0000000016600000,0x0000000016700000]
[error occurred during error reporting (printing stack bounds), id 0xc0000005]

Native frames: (J=compiled Java code, j=interpreted, Vv=VM code, C=native code)


Current CompileTask:
C2:  51568 3740       4       javafx.scene.Parent::updateBounds (44 bytes)


---------------  P R O C E S S  ---------------

Java Threads: ( => current thread )
  0x0000000018292800 JavaThread "Thread-17" [_thread_blocked, id=7000, stack(0x0000000025e60000,0x0000000025f60000)]
  0x0000000018295800 JavaThread "Thread-16" [_thread_blocked, id=16892, stack(0x0000000025d60000,0x0000000025e60000)]
  0x0000000018292000 JavaThread "Thread-14" [_thread_blocked, id=25020, stack(0x0000000025c60000,0x0000000025d60000)]
  0x0000000018295000 JavaThread "AWT-Windows" daemon [_thread_in_native, id=16488, stack(0x0000000025b60000,0x0000000025c60000)]
  0x0000000018293800 JavaThread "Java2D Disposer" daemon [_thread_blocked, id=14032, stack(0x0000000025960000,0x0000000025a60000)]
  0x0000000018294000 JavaThread "Thread-13" [_thread_blocked, id=18860, stack(0x0000000025860000,0x0000000025960000)]
  0x000000001828f000 JavaThread "Thread-12" [_thread_blocked, id=18328, stack(0x0000000025760000,0x0000000025860000)]
  0x000000001816e800 JavaThread "Thread-11" [_thread_blocked, id=14176, stack(0x0000000025660000,0x0000000025760000)]
  0x0000000018171000 JavaThread "Thread-10" [_thread_blocked, id=5184, stack(0x0000000025560000,0x0000000025660000)]
  0x0000000018170000 JavaThread "Thread-9" [_thread_blocked, id=23232, stack(0x0000000025460000,0x0000000025560000)]
  0x0000000018172800 JavaThread "Thread-8" [_thread_in_native, id=22432, stack(0x0000000025360000,0x0000000025460000)]
  0x0000000018171800 JavaThread "Thread-6" [_thread_in_native, id=20936, stack(0x0000000025260000,0x0000000025360000)]
  0x0000000018174800 JavaThread "Thread-5" [_thread_in_native, id=5196, stack(0x0000000025160000,0x0000000025260000)]
  0x0000000018174000 JavaThread "Prism Font Disposer" daemon [_thread_blocked, id=4388, stack(0x000000001c2b0000,0x000000001c3b0000)]
  0x0000000016df3000 JavaThread "Thread-3" daemon [_thread_in_native, id=6124, stack(0x0000000018600000,0x0000000018700000)]
  0x0000000016ded800 JavaThread "JavaFX-Launcher" [_thread_blocked, id=6128, stack(0x0000000018700000,0x0000000018800000)]
  0x0000000016dbe000 JavaThread "JavaFX Application Thread" [_thread_in_native, id=6100, stack(0x00000000170d0000,0x00000000171d0000)]
  0x0000000016db4000 JavaThread "Thread-1" daemon [_thread_blocked, id=16500, stack(0x0000000016fd0000,0x00000000170d0000)]
  0x0000000016d78800 JavaThread "QuantumRenderer-0" daemon [_thread_blocked, id=6088, stack(0x0000000016e00000,0x0000000016f00000)]
  0x0000000015735800 JavaThread "Service Thread" daemon [_thread_blocked, id=9796, stack(0x0000000016800000,0x0000000016900000)]
  0x00000000156d3000 JavaThread "C1 CompilerThread1" daemon [_thread_blocked, id=27712, stack(0x0000000016700000,0x0000000016800000)]
=>0x00000000156cd000 JavaThread "C2 CompilerThread0" daemon [_thread_in_native, id=27728, stack(0x0000000016600000,0x0000000016700000)]
  0x00000000156cb800 JavaThread "Attach Listener" daemon [_thread_blocked, id=28664, stack(0x0000000016500000,0x0000000016600000)]
  0x00000000156c8000 JavaThread "Signal Dispatcher" daemon [_thread_blocked, id=30032, stack(0x0000000016400000,0x0000000016500000)]
  0x00000000156b8800 JavaThread "Finalizer" daemon [_thread_blocked, id=25524, stack(0x0000000016300000,0x0000000016400000)]
  0x000000000322f800 JavaThread "Reference Handler" daemon [_thread_blocked, id=8172, stack(0x0000000016200000,0x0000000016300000)]
  0x000000000303e000 JavaThread "main" [_thread_blocked, id=8392, stack(0x0000000003040000,0x0000000003140000)]

Other Threads:
  0x0000000015695800 VMThread [stack: 0x0000000016100000,0x0000000016200000] [id=8188]
  0x0000000015752000 WatcherThread [stack: 0x0000000016900000,0x0000000016a00000] [id=9784]

VM state:not at safepoint (normal execution)

VM Mutex/Monitor currently owned by a thread: None

Heap:
 PSYoungGen      total 29696K, used 16454K [0x00000000eab00000, 0x00000000ed600000, 0x0000000100000000)
  eden space 25600K, 48% used [0x00000000eab00000,0x00000000eb721ad8,0x00000000ec400000)
  from space 4096K, 98% used [0x00000000ed200000,0x00000000ed5f0010,0x00000000ed600000)
  to   space 7168K, 0% used [0x00000000ec800000,0x00000000ec800000,0x00000000ecf00000)
 ParOldGen       total 37888K, used 9858K [0x00000000c0000000, 0x00000000c2500000, 0x00000000eab00000)
  object space 37888K, 26% used [0x00000000c0000000,0x00000000c09a0968,0x00000000c2500000)
 Metaspace       used 28112K, capacity 29040K, committed 29312K, reserved 1075200K
  class space    used 3725K, capacity 3921K, committed 3968K, reserved 1048576K

Card table byte_map: [0x0000000012600000,0x0000000012810000] byte_map_base: 0x0000000012000000

Marking Bits: (ParMarkBitMap*) 0x000000006ec9a6c0
 Begin Bits: [0x0000000012b70000, 0x0000000013b70000)
 End Bits:   [0x0000000013b70000, 0x0000000014b70000)

Polling page: 0x0000000002e70000

CodeCache: size=245760Kb used=10782Kb max_used=10782Kb free=234977Kb
 bounds [0x0000000003240000, 0x0000000003ce0000, 0x0000000012240000]
 total_blobs=4157 nmethods=3416 adapters=652
 compilation: enabled

Compilation events (10 events):
Event: 51.373 Thread 0x00000000156d3000 nmethod 3736 0x00000000037c0a50 code [0x00000000037c0be0, 0x00000000037c1118]
Event: 51.376 Thread 0x00000000156d3000 3737       3       sun.text.bidi.BidiBase::GetParaLevelAt (25 bytes)
Event: 51.376 Thread 0x00000000156d3000 nmethod 3737 0x00000000037c0610 code [0x00000000037c0780, 0x00000000037c0950]
Event: 51.377 Thread 0x00000000156cd000 3738       4       javafx.scene.Node::getLayoutBounds (11 bytes)
Event: 51.377 Thread 0x00000000156d3000 3739       3       javafx.beans.binding.StringBinding::get (5 bytes)
Event: 51.377 Thread 0x00000000156d3000 nmethod 3739 0x00000000037c0050 code [0x00000000037c01c0, 0x00000000037c0528]
Event: 51.378 Thread 0x00000000156cd000 nmethod 3738 0x00000000037cd490 code [0x00000000037cd5e0, 0x00000000037cd6d8]
Event: 51.391 Thread 0x00000000156cd000 3740       4       javafx.scene.Parent::updateBounds (44 bytes)
Event: 51.400 Thread 0x00000000156d3000 3742   !   3       java.util.concurrent.locks.AbstractQueuedSynchronizer::fullyRelease (54 bytes)
Event: 51.401 Thread 0x00000000156d3000 nmethod 3742 0x00000000037bf5d0 code [0x00000000037bf780, 0x00000000037bfd68]

GC Heap History (10 events):
Event: 4.923 GC heap before
{Heap before GC invocations=3 (full 0):
 PSYoungGen      total 18944K, used 18943K [0x00000000eab00000, 0x00000000ec000000, 0x0000000100000000)
  eden space 16384K, 100% used [0x00000000eab00000,0x00000000ebb00000,0x00000000ebb00000)
  from space 2560K, 99% used [0x00000000ebd80000,0x00000000ebfffc30,0x00000000ec000000)
  to   space 2560K, 0% used [0x00000000ebb00000,0x00000000ebb00000,0x00000000ebd80000)
 ParOldGen       total 44032K, used 4507K [0x00000000c0000000, 0x00000000c2b00000, 0x00000000eab00000)
  object space 44032K, 10% used [0x00000000c0000000,0x00000000c0466f50,0x00000000c2b00000)
 Metaspace       used 16945K, capacity 17456K, committed 17664K, reserved 1064960K
  class space    used 2170K, capacity 2293K, committed 2304K, reserved 1048576K
Event: 4.930 GC heap after
Heap after GC invocations=3 (full 0):
 PSYoungGen      total 18944K, used 2550K [0x00000000eab00000, 0x00000000ec000000, 0x0000000100000000)
  eden space 16384K, 0% used [0x00000000eab00000,0x00000000eab00000,0x00000000ebb00000)
  from space 2560K, 99% used [0x00000000ebb00000,0x00000000ebd7d920,0x00000000ebd80000)
  to   space 2560K, 0% used [0x00000000ebd80000,0x00000000ebd80000,0x00000000ec000000)
 ParOldGen       total 44032K, used 6561K [0x00000000c0000000, 0x00000000c2b00000, 0x00000000eab00000)
  object space 44032K, 14% used [0x00000000c0000000,0x00000000c0668640,0x00000000c2b00000)
 Metaspace       used 16945K, capacity 17456K, committed 17664K, reserved 1064960K
  class space    used 2170K, capacity 2293K, committed 2304K, reserved 1048576K
}
Event: 5.820 GC heap before
{Heap before GC invocations=4 (full 0):
 PSYoungGen      total 18944K, used 18934K [0x00000000eab00000, 0x00000000ec000000, 0x0000000100000000)
  eden space 16384K, 100% used [0x00000000eab00000,0x00000000ebb00000,0x00000000ebb00000)
  from space 2560K, 99% used [0x00000000ebb00000,0x00000000ebd7d920,0x00000000ebd80000)
  to   space 2560K, 0% used [0x00000000ebd80000,0x00000000ebd80000,0x00000000ec000000)
 ParOldGen       total 44032K, used 6561K [0x00000000c0000000, 0x00000000c2b00000, 0x00000000eab00000)
  object space 44032K, 14% used [0x00000000c0000000,0x00000000c0668640,0x00000000c2b00000)
 Metaspace       used 18831K, capacity 19350K, committed 19456K, reserved 1067008K
  class space    used 2330K, capacity 2485K, committed 2560K, reserved 1048576K
Event: 5.832 GC heap after
Heap after GC invocations=4 (full 0):
 PSYoungGen      total 18944K, used 2544K [0x00000000eab00000, 0x00000000ec000000, 0x0000000100000000)
  eden space 16384K, 0% used [0x00000000eab00000,0x00000000eab00000,0x00000000ebb00000)
  from space 2560K, 99% used [0x00000000ebd80000,0x00000000ebffc010,0x00000000ec000000)
  to   space 2560K, 0% used [0x00000000ebb00000,0x00000000ebb00000,0x00000000ebd80000)
 ParOldGen       total 44032K, used 9881K [0x00000000c0000000, 0x00000000c2b00000, 0x00000000eab00000)
  object space 44032K, 22% used [0x00000000c0000000,0x00000000c09a67b8,0x00000000c2b00000)
 Metaspace       used 18831K, capacity 19350K, committed 19456K, reserved 1067008K
  class space    used 2330K, capacity 2485K, committed 2560K, reserved 1048576K
}
Event: 6.224 GC heap before
{Heap before GC invocations=5 (full 0):
 PSYoungGen      total 18944K, used 8725K [0x00000000eab00000, 0x00000000ec000000, 0x0000000100000000)
  eden space 16384K, 37% used [0x00000000eab00000,0x00000000eb109658,0x00000000ebb00000)
  from space 2560K, 99% used [0x00000000ebd80000,0x00000000ebffc010,0x00000000ec000000)
  to   space 2560K, 0% used [0x00000000ebb00000,0x00000000ebb00000,0x00000000ebd80000)
 ParOldGen       total 44032K, used 9881K [0x00000000c0000000, 0x00000000c2b00000, 0x00000000eab00000)
  object space 44032K, 22% used [0x00000000c0000000,0x00000000c09a67b8,0x00000000c2b00000)
 Metaspace       used 20687K, capacity 21176K, committed 21248K, reserved 1067008K
  class space    used 2642K, capacity 2774K, committed 2816K, reserved 1048576K
Event: 6.235 GC heap after
Heap after GC invocations=5 (full 0):
 PSYoungGen      total 18944K, used 2544K [0x00000000eab00000, 0x00000000ed900000, 0x0000000100000000)
  eden space 16384K, 0% used [0x00000000eab00000,0x00000000eab00000,0x00000000ebb00000)
  from space 2560K, 99% used [0x00000000ebb00000,0x00000000ebd7c010,0x00000000ebd80000)
  to   space 7168K, 0% used [0x00000000ed200000,0x00000000ed200000,0x00000000ed900000)
 ParOldGen       total 44032K, used 11174K [0x00000000c0000000, 0x00000000c2b00000, 0x00000000eab00000)
  object space 44032K, 25% used [0x00000000c0000000,0x00000000c0ae9b90,0x00000000c2b00000)
 Metaspace       used 20687K, capacity 21176K, committed 21248K, reserved 1067008K
  class space    used 2642K, capacity 2774K, committed 2816K, reserved 1048576K
}
Event: 6.235 GC heap before
{Heap before GC invocations=6 (full 1):
 PSYoungGen      total 18944K, used 2544K [0x00000000eab00000, 0x00000000ed900000, 0x0000000100000000)
  eden space 16384K, 0% used [0x00000000eab00000,0x00000000eab00000,0x00000000ebb00000)
  from space 2560K, 99% used [0x00000000ebb00000,0x00000000ebd7c010,0x00000000ebd80000)
  to   space 7168K, 0% used [0x00000000ed200000,0x00000000ed200000,0x00000000ed900000)
 ParOldGen       total 44032K, used 11174K [0x00000000c0000000, 0x00000000c2b00000, 0x00000000eab00000)
  object space 44032K, 25% used [0x00000000c0000000,0x00000000c0ae9b90,0x00000000c2b00000)
 Metaspace       used 20687K, capacity 21176K, committed 21248K, reserved 1067008K
  class space    used 2642K, capacity 2774K, committed 2816K, reserved 1048576K
Event: 6.293 GC heap after
Heap after GC invocations=6 (full 1):
 PSYoungGen      total 18944K, used 0K [0x00000000eab00000, 0x00000000ed900000, 0x0000000100000000)
  eden space 16384K, 0% used [0x00000000eab00000,0x00000000eab00000,0x00000000ebb00000)
  from space 2560K, 0% used [0x00000000ebb00000,0x00000000ebb00000,0x00000000ebd80000)
  to   space 7168K, 0% used [0x00000000ed200000,0x00000000ed200000,0x00000000ed900000)
 ParOldGen       total 37888K, used 9858K [0x00000000c0000000, 0x00000000c2500000, 0x00000000eab00000)
  object space 37888K, 26% used [0x00000000c0000000,0x00000000c09a0968,0x00000000c2500000)
 Metaspace       used 20687K, capacity 21176K, committed 21248K, reserved 1067008K
  class space    used 2642K, capacity 2774K, committed 2816K, reserved 1048576K
}
Event: 7.823 GC heap before
{Heap before GC invocations=7 (full 1):
 PSYoungGen      total 18944K, used 15408K [0x00000000eab00000, 0x00000000ed900000, 0x0000000100000000)
  eden space 16384K, 94% used [0x00000000eab00000,0x00000000eba0c208,0x00000000ebb00000)
  from space 2560K, 0% used [0x00000000ebb00000,0x00000000ebb00000,0x00000000ebd80000)
  to   space 7168K, 0% used [0x00000000ed200000,0x00000000ed200000,0x00000000ed900000)
 ParOldGen       total 37888K, used 9858K [0x00000000c0000000, 0x00000000c2500000, 0x00000000eab00000)
  object space 37888K, 26% used [0x00000000c0000000,0x00000000c09a0968,0x00000000c2500000)
 Metaspace       used 25285K, capacity 26232K, committed 26368K, reserved 1071104K
  class space    used 3489K, capacity 3714K, committed 3840K, reserved 1048576K
Event: 7.837 GC heap after
Heap after GC invocations=7 (full 1):
 PSYoungGen      total 29696K, used 4032K [0x00000000eab00000, 0x00000000ed600000, 0x0000000100000000)
  eden space 25600K, 0% used [0x00000000eab00000,0x00000000eab00000,0x00000000ec400000)
  from space 4096K, 98% used [0x00000000ed200000,0x00000000ed5f0010,0x00000000ed600000)
  to   space 7168K, 0% used [0x00000000ec800000,0x00000000ec800000,0x00000000ecf00000)
 ParOldGen       total 37888K, used 9858K [0x00000000c0000000, 0x00000000c2500000, 0x00000000eab00000)
  object space 37888K, 26% used [0x00000000c0000000,0x00000000c09a0968,0x00000000c2500000)
 Metaspace       used 25285K, capacity 26232K, committed 26368K, reserved 1071104K
  class space    used 3489K, capacity 3714K, committed 3840K, reserved 1048576K
}

Deoptimization events (10 events):
Event: 48.752 Thread 0x0000000016dbe000 Uncommon trap: reason=class_check action=maybe_recompile pc=0x00000000038cf1b8 method=org.eclipse.emf.ecore.xmi.impl.XMLHelperImpl.createObject(Lorg/eclipse/emf/ecore/EFactory;Lorg/eclipse/emf/ecore/EClassifier;)Lorg/eclipse/emf/ecore/EObject; @ 47
Event: 48.752 Thread 0x0000000016dbe000 Uncommon trap: reason=class_check action=maybe_recompile pc=0x00000000038cf1b8 method=org.eclipse.emf.ecore.xmi.impl.XMLHelperImpl.createObject(Lorg/eclipse/emf/ecore/EFactory;Lorg/eclipse/emf/ecore/EClassifier;)Lorg/eclipse/emf/ecore/EObject; @ 47
Event: 48.752 Thread 0x0000000016dbe000 Uncommon trap: reason=class_check action=maybe_recompile pc=0x00000000036d2ab0 method=org.eclipse.emf.common.notify.impl.BasicNotifierImpl.eNotificationRequired()Z @ 8
Event: 48.808 Thread 0x0000000016dbe000 Uncommon trap: reason=unstable_if action=reinterpret pc=0x000000000370f314 method=com.sun.org.apache.xerces.internal.impl.XMLEntityScanner.scanLiteral(ILcom/sun/org/apache/xerces/internal/xni/XMLString;Z)I @ 570
Event: 48.808 Thread 0x0000000016dbe000 Uncommon trap: reason=unstable_if action=reinterpret pc=0x00000000036c0d60 method=com.sun.org.apache.xerces.internal.impl.XMLScanner.scanAttributeValue(Lcom/sun/org/apache/xerces/internal/xni/XMLString;Lcom/sun/org/apache/xerces/internal/xni/XMLString;Lja
Event: 48.836 Thread 0x0000000016dbe000 Uncommon trap: reason=unstable_if action=reinterpret pc=0x0000000003972f0c method=org.eclipse.emf.ecore.util.EContentsEList$FeatureIteratorImpl.hasNext()Z @ 246
Event: 48.856 Thread 0x0000000016dbe000 Uncommon trap: reason=bimorphic action=maybe_recompile pc=0x00000000037f9e0c method=org.eclipse.emf.common.util.AbstractEList$EIterator.next()Ljava/lang/Object; @ 1
Event: 48.857 Thread 0x0000000016dbe000 Uncommon trap: reason=bimorphic action=maybe_recompile pc=0x00000000037f9e0c method=org.eclipse.emf.common.util.AbstractEList$EIterator.next()Ljava/lang/Object; @ 1
Event: 48.857 Thread 0x0000000016dbe000 Uncommon trap: reason=bimorphic action=maybe_recompile pc=0x00000000037f9e0c method=org.eclipse.emf.common.util.AbstractEList$EIterator.next()Ljava/lang/Object; @ 1
Event: 48.857 Thread 0x0000000016dbe000 Uncommon trap: reason=bimorphic action=maybe_recompile pc=0x00000000037f9e0c method=org.eclipse.emf.common.util.AbstractEList$EIterator.next()Ljava/lang/Object; @ 1

Internal exceptions (10 events):
Event: 6.079 Thread 0x0000000016dbe000 Exception <a 'java/io/FileNotFoundException'> (0x00000000eaf56960) thrown at [C:\re\workspace\8-2-build-windows-amd64-cygwin\jdk8u111\7883\hotspot\src\share\vm\prims\jni.cpp, line 709]
Event: 6.079 Thread 0x0000000016dbe000 Exception <a 'java/io/FileNotFoundException'> (0x00000000eaf57630) thrown at [C:\re\workspace\8-2-build-windows-amd64-cygwin\jdk8u111\7883\hotspot\src\share\vm\prims\jni.cpp, line 709]
Event: 6.079 Thread 0x0000000016dbe000 Exception <a 'java/io/FileNotFoundException'> (0x00000000eaf582e8) thrown at [C:\re\workspace\8-2-build-windows-amd64-cygwin\jdk8u111\7883\hotspot\src\share\vm\prims\jni.cpp, line 709]
Event: 11.610 Thread 0x0000000016dbe000 Implicit null exception at 0x0000000003a9e225 to 0x0000000003a9e8b1
Event: 48.881 Thread 0x0000000016dbe000 Exception <a 'java/lang/ClassNotFoundException': sun/net/www/protocol/pathmap/Handler> (0x00000000eafa7620) thrown at [C:\re\workspace\8-2-build-windows-amd64-cygwin\jdk8u111\7883\hotspot\src\share\vm\classfile\systemDictionary.cpp, line 210]
Event: 48.882 Thread 0x0000000016dbe000 Exception <a 'java/io/FileNotFoundException'> (0x00000000eafadc20) thrown at [C:\re\workspace\8-2-build-windows-amd64-cygwin\jdk8u111\7883\hotspot\src\share\vm\prims\jni.cpp, line 709]
Event: 48.882 Thread 0x0000000016dbe000 Exception <a 'java/io/FileNotFoundException'> (0x00000000eafaece8) thrown at [C:\re\workspace\8-2-build-windows-amd64-cygwin\jdk8u111\7883\hotspot\src\share\vm\prims\jni.cpp, line 709]
Event: 48.882 Thread 0x0000000016dbe000 Exception <a 'java/io/FileNotFoundException'> (0x00000000eafafd98) thrown at [C:\re\workspace\8-2-build-windows-amd64-cygwin\jdk8u111\7883\hotspot\src\share\vm\prims\jni.cpp, line 709]
Event: 49.399 Thread 0x0000000018172800 Exception <a 'java/io/FileNotFoundException'> (0x00000000eb1ab5b0) thrown at [C:\re\workspace\8-2-build-windows-amd64-cygwin\jdk8u111\7883\hotspot\src\share\vm\prims\jni.cpp, line 709]
Event: 49.424 Thread 0x0000000018172800 Exception <a 'java/io/FileNotFoundException'> (0x00000000eb1bb590) thrown at [C:\re\workspace\8-2-build-windows-amd64-cygwin\jdk8u111\7883\hotspot\src\share\vm\prims\jni.cpp, line 709]

Events (10 events):
Event: 50.467 Thread 0x00000000156d3000 flushing nmethod 0x00000000038a2010
Event: 50.467 Thread 0x00000000156d3000 flushing nmethod 0x00000000038a6ad0
Event: 50.467 Thread 0x00000000156d3000 flushing nmethod 0x00000000038d3d50
Event: 50.467 Thread 0x00000000156d3000 flushing nmethod 0x000000000393df50
Event: 50.467 Thread 0x00000000156d3000 flushing nmethod 0x0000000003976a90
Event: 50.467 Thread 0x00000000156d3000 flushing nmethod 0x0000000003982390
Event: 50.467 Thread 0x00000000156d3000 flushing nmethod 0x000000000398b010
Event: 50.467 Thread 0x00000000156d3000 flushing nmethod 0x000000000398b9d0
Event: 50.467 Thread 0x00000000156d3000 flushing nmethod 0x000000000398bd50
Event: 50.467 Thread 0x00000000156d3000 flushing nmethod 0x00000000039a3710


Dynamic libraries:
0x00007ff657370000 - 0x00007ff6573a7000 	C:\Program Files\Java\jre1.8.0_111\bin\javaw.exe
0x00007ff930b80000 - 0x00007ff930d51000 	C:\WINDOWS\SYSTEM32\ntdll.dll
0x00007ff92e410000 - 0x00007ff92e4bb000 	C:\WINDOWS\System32\KERNEL32.DLL
0x00007ff92ddf0000 - 0x00007ff92e00d000 	C:\WINDOWS\System32\KERNELBASE.dll
0x00007ff92e4e0000 - 0x00007ff92e582000 	C:\WINDOWS\System32\ADVAPI32.dll
0x00007ff92e310000 - 0x00007ff92e3ae000 	C:\WINDOWS\System32\msvcrt.dll
0x00007ff930510000 - 0x00007ff930569000 	C:\WINDOWS\System32\sechost.dll
0x00007ff930570000 - 0x00007ff930691000 	C:\WINDOWS\System32\RPCRT4.dll
0x00007ff92e5d0000 - 0x00007ff92e735000 	C:\WINDOWS\System32\USER32.dll
0x00007ff92dd30000 - 0x00007ff92dd4e000 	C:\WINDOWS\System32\win32u.dll
0x00007ff92e590000 - 0x00007ff92e5c4000 	C:\WINDOWS\System32\GDI32.dll
0x00007ff92d970000 - 0x00007ff92daf2000 	C:\WINDOWS\System32\gdi32full.dll
0x00007ff923d80000 - 0x00007ff923ffa000 	C:\WINDOWS\WinSxS\amd64_microsoft.windows.common-controls_6595b64144ccf1df_6.0.14393.953_none_42151e83c686086b\COMCTL32.dll
0x00007ff92e7a0000 - 0x00007ff92ea68000 	C:\WINDOWS\System32\combase.dll
0x00007ff92e010000 - 0x00007ff92e105000 	C:\WINDOWS\System32\ucrtbase.dll
0x00007ff92d070000 - 0x00007ff92d0da000 	C:\WINDOWS\System32\bcryptPrimitives.dll
0x00007ff9306a0000 - 0x00007ff9306ce000 	C:\WINDOWS\System32\IMM32.DLL
0x000000006e2d0000 - 0x000000006e3a2000 	C:\Program Files\Java\jre1.8.0_111\bin\msvcr100.dll
0x000000006e480000 - 0x000000006ed1a000 	C:\Program Files\Java\jre1.8.0_111\bin\server\jvm.dll
0x00007ff92e4c0000 - 0x00007ff92e4c8000 	C:\WINDOWS\System32\PSAPI.DLL
0x00007ff924c00000 - 0x00007ff924c09000 	C:\WINDOWS\SYSTEM32\WSOCK32.dll
0x00007ff92b470000 - 0x00007ff92b493000 	C:\WINDOWS\SYSTEM32\WINMM.dll
0x00007ff9306d0000 - 0x00007ff93073a000 	C:\WINDOWS\System32\WS2_32.dll
0x00007ff91f900000 - 0x00007ff91f90a000 	C:\WINDOWS\SYSTEM32\VERSION.dll
0x00007ff92b410000 - 0x00007ff92b43b000 	C:\WINDOWS\SYSTEM32\WINMMBASE.dll
0x00007ff92d920000 - 0x00007ff92d962000 	C:\WINDOWS\System32\cfgmgr32.dll
0x000000006e470000 - 0x000000006e47f000 	C:\Program Files\Java\jre1.8.0_111\bin\verify.dll
0x000000006e440000 - 0x000000006e469000 	C:\Program Files\Java\jre1.8.0_111\bin\java.dll
0x000000006e420000 - 0x000000006e436000 	C:\Program Files\Java\jre1.8.0_111\bin\zip.dll
0x00007ff92f000000 - 0x00007ff930509000 	C:\WINDOWS\System32\SHELL32.dll
0x00007ff92d240000 - 0x00007ff92d91a000 	C:\WINDOWS\System32\windows.storage.dll
0x00007ff92cfe0000 - 0x00007ff92d02c000 	C:\WINDOWS\System32\powrprof.dll
0x00007ff92e740000 - 0x00007ff92e792000 	C:\WINDOWS\System32\shlwapi.dll
0x00007ff92d060000 - 0x00007ff92d06f000 	C:\WINDOWS\System32\kernel.appcore.dll
0x00007ff92d190000 - 0x00007ff92d239000 	C:\WINDOWS\System32\shcore.dll
0x00007ff92d030000 - 0x00007ff92d044000 	C:\WINDOWS\System32\profapi.dll
0x00007ff9139b0000 - 0x00007ff913a9f000 	C:\Program Files\Java\jre1.8.0_111\bin\msvcr120.dll
0x00007ff913720000 - 0x00007ff9137c6000 	C:\Program Files\Java\jre1.8.0_111\bin\msvcp120.dll
0x000000006e0e0000 - 0x000000006e102000 	C:\Program Files\Java\jre1.8.0_111\bin\prism_d3d.dll
0x00007ff914160000 - 0x00007ff9142ed000 	C:\WINDOWS\system32\d3d9.dll
0x00007ff92ae10000 - 0x00007ff92ae36000 	C:\WINDOWS\SYSTEM32\dwmapi.dll
0x00007ff92b760000 - 0x00007ff92b7f5000 	C:\WINDOWS\system32\uxtheme.dll
0x00007ff9220b0000 - 0x00007ff9220d5000 	C:\WINDOWS\SYSTEM32\prl_umdd.dll
0x000000006e090000 - 0x000000006e0d3000 	C:\Program Files\Java\jre1.8.0_111\bin\glass.dll
0x00007ff92eba0000 - 0x00007ff92ec9a000 	C:\WINDOWS\System32\COMDLG32.dll
0x00007ff92eec0000 - 0x00007ff92eff7000 	C:\WINDOWS\System32\ole32.dll
0x00007ff92ee00000 - 0x00007ff92eebf000 	C:\WINDOWS\System32\OLEAUT32.dll
0x00007ff92dd50000 - 0x00007ff92ddec000 	C:\WINDOWS\System32\msvcp_win.dll
0x00007ff92eca0000 - 0x00007ff92edfa000 	C:\WINDOWS\System32\MSCTF.dll
0x000000006e070000 - 0x000000006e084000 	C:\Program Files\Java\jre1.8.0_111\bin\javafx_font.dll
0x00007ff922320000 - 0x00007ff922589000 	C:\WINDOWS\SYSTEM32\dwrite.dll
0x00007ff92eae0000 - 0x00007ff92eb7f000 	C:\WINDOWS\System32\clbcatq.dll
0x00007ff92aa70000 - 0x00007ff92ac18000 	C:\WINDOWS\SYSTEM32\WindowsCodecs.dll
0x00007ff926d20000 - 0x00007ff926d69000 	C:\WINDOWS\system32\dataexchange.dll
0x00007ff929d10000 - 0x00007ff929fc6000 	C:\WINDOWS\system32\d3d11.dll
0x00007ff92af30000 - 0x00007ff92b081000 	C:\WINDOWS\system32\dcomp.dll
0x00007ff92bf60000 - 0x00007ff92bfff000 	C:\WINDOWS\system32\dxgi.dll
0x00007ff92ba00000 - 0x00007ff92bb1c000 	C:\WINDOWS\system32\twinapi.appcore.dll
0x00007ff92cf20000 - 0x00007ff92cf4b000 	C:\WINDOWS\system32\bcrypt.dll
0x00007ff91c120000 - 0x00007ff91c152000 	C:\Program Files\Common Files\Microsoft Shared\Ink\rtscom.dll
0x000000006e050000 - 0x000000006e061000 	C:\Program Files\Java\jre1.8.0_111\bin\prism_common.dll
0x00007ff92a1b0000 - 0x00007ff92a335000 	C:\WINDOWS\SYSTEM32\PROPSYS.dll
0x00007ff913680000 - 0x00007ff913718000 	C:\Program Files\Common Files\microsoft shared\ink\tiptsf.dll
0x00007ff928de0000 - 0x00007ff928e22000 	C:\WINDOWS\SYSTEM32\edputil.dll
0x00007ff919610000 - 0x00007ff919a94000 	C:\WINDOWS\system32\explorerframe.dll
0x00007ff912010000 - 0x00007ff9121b8000 	C:\WINDOWS\system32\DUI70.dll
0x00007ff9131e0000 - 0x00007ff913274000 	C:\WINDOWS\system32\DUser.dll
0x00007ff91e290000 - 0x00007ff91e2e3000 	C:\Windows\System32\thumbcache.dll
0x00007ff928250000 - 0x00007ff9283da000 	C:\Windows\System32\Windows.Globalization.dll
0x00007ff92ad70000 - 0x00007ff92add7000 	C:\Windows\System32\Bcp47Langs.dll
0x00007ff9239a0000 - 0x00007ff9239ce000 	C:\WINDOWS\SYSTEM32\globinputhost.dll
0x00007ff92b4c0000 - 0x00007ff92b560000 	C:\WINDOWS\System32\StructuredQuery.dll
0x00007ff9227a0000 - 0x00007ff9227a9000 	C:\WINDOWS\SYSTEM32\atlthunk.dll
0x00007ff929010000 - 0x00007ff92902b000 	C:\WINDOWS\SYSTEM32\MPR.dll
0x00007ff92b580000 - 0x00007ff92b5fa000 	C:\WINDOWS\SYSTEM32\apphelp.dll
0x00007ff91b4e0000 - 0x00007ff91b607000 	C:\WINDOWS\system32\NetworkExplorer.dll
0x00007ff91b2b0000 - 0x00007ff91b37a000 	C:\WINDOWS\system32\Windows.Storage.Search.dll
0x00007ff91fb10000 - 0x00007ff91fb5d000 	C:\Windows\System32\dlnashext.dll
0x00007ff913aa0000 - 0x00007ff913b10000 	C:\Windows\System32\PlayToDevice.dll
0x00007ff922590000 - 0x00007ff9225ae000 	C:\Windows\System32\DevDispItemProvider.dll
0x00007ff927ea0000 - 0x00007ff927f11000 	C:\WINDOWS\System32\MMDevApi.dll
0x00007ff92bba0000 - 0x00007ff92bbc8000 	C:\WINDOWS\System32\DEVOBJ.dll
0x00007ff928760000 - 0x00007ff928769000 	C:\WINDOWS\system32\IconCodecService.dll
0x00007ff9272c0000 - 0x00007ff927303000 	C:\WINDOWS\SYSTEM32\policymanager.dll
0x00007ff92b960000 - 0x00007ff92b9f1000 	C:\WINDOWS\SYSTEM32\msvcp110_win.dll
0x00007ff928ef0000 - 0x00007ff928f8e000 	C:\Windows\System32\PortableDeviceApi.dll
0x00007ff930740000 - 0x00007ff930b69000 	C:\WINDOWS\System32\SETUPAPI.dll
0x00007ff92db00000 - 0x00007ff92db55000 	C:\WINDOWS\System32\WINTRUST.dll
0x00007ff92d050000 - 0x00007ff92d060000 	C:\WINDOWS\System32\MSASN1.dll
0x00007ff92db60000 - 0x00007ff92dd29000 	C:\WINDOWS\System32\CRYPT32.dll
0x00007ff921150000 - 0x00007ff921175000 	C:\Windows\System32\EhStorAPI.dll
0x00007ff92a190000 - 0x00007ff92a1a3000 	C:\Windows\System32\WTSAPI32.dll
0x00007ff921740000 - 0x00007ff9217bd000 	C:\Windows\System32\twinapi.dll
0x00007ff920d30000 - 0x00007ff921095000 	C:\Windows\System32\ActXPrxy.dll
0x00007ff92a140000 - 0x00007ff92a14e000 	C:\WINDOWS\System32\prl_np.dll
0x00007ff926c50000 - 0x00007ff926c66000 	C:\WINDOWS\System32\ntlanman.dll
0x00007ff927750000 - 0x00007ff92775b000 	C:\WINDOWS\System32\drprov.dll
0x00007ff92cec0000 - 0x00007ff92cf16000 	C:\WINDOWS\System32\WINSTA.dll
0x00007ff9250d0000 - 0x00007ff9250f0000 	C:\WINDOWS\System32\davclnt.dll
0x00007ff926e10000 - 0x00007ff926e1c000 	C:\WINDOWS\System32\DAVHLPR.dll
0x00007ff91b0c0000 - 0x00007ff91b0f6000 	C:\Windows\System32\EhStorShell.dll
0x00007ff91a790000 - 0x00007ff91a9a2000 	C:\Users\ranahamzaintisar\AppData\Local\Microsoft\OneDrive\17.3.6798.0207\amd64\FileSyncShell64.dll
0x00007ff923190000 - 0x00007ff9231af000 	C:\Users\ranahamzaintisar\AppData\Local\Microsoft\OneDrive\17.3.6798.0207\amd64\LoggingPlatform64.DLL
0x00007ff91f3e0000 - 0x00007ff91f6aa000 	C:\WINDOWS\SYSTEM32\WININET.dll
0x00007ff915650000 - 0x00007ff915890000 	C:\PROGRA~1\MICROS~4\Office15\GROOVEEX.DLL
0x000000006ed50000 - 0x000000006ede8000 	C:\WINDOWS\SYSTEM32\MSVCP100.dll
0x000000006ed20000 - 0x000000006ed4b000 	C:\WINDOWS\SYSTEM32\ATL100.DLL
0x00007ff925250000 - 0x00007ff925542000 	C:\WINDOWS\SYSTEM32\msi.dll
0x00007ff92ea70000 - 0x00007ff92eade000 	C:\WINDOWS\System32\coml2.dll
0x00007ff926da0000 - 0x00007ff926db0000 	C:\WINDOWS\SYSTEM32\LINKINFO.dll
0x0000000022c00000 - 0x000000002347d000 	C:\PROGRA~1\MICROS~4\Office15\1033\GrooveIntlResource.dll
0x00007ff9142f0000 - 0x00007ff9143b4000 	C:\WINDOWS\System32\cscui.dll
0x00007ff914ec0000 - 0x00007ff914f12000 	C:\Program Files (x86)\Parallels\Parallels Tools\ShellExtentions\PrlToolsShellExt.dll
0x00007ff91bf50000 - 0x00007ff91bf73000 	C:\WINDOWS\system32\mssprxy.dll
0x00007ff928fb0000 - 0x00007ff928ffd000 	C:\WINDOWS\System32\cscobj.dll
0x00007ff92c730000 - 0x00007ff92c74f000 	C:\WINDOWS\System32\USERENV.dll
0x00007ff91e7c0000 - 0x00007ff91e7d2000 	C:\WINDOWS\System32\CSCAPI.dll
0x00007ff92ce20000 - 0x00007ff92ceb8000 	C:\WINDOWS\SYSTEM32\sxs.dll
0x00007ff91afe0000 - 0x00007ff91b0b2000 	C:\WINDOWS\SYSTEM32\ntshrui.dll
0x00007ff92cc50000 - 0x00007ff92cc7c000 	C:\WINDOWS\SYSTEM32\SspiCli.dll
0x00007ff91e7e0000 - 0x00007ff91e806000 	C:\WINDOWS\SYSTEM32\srvcli.dll
0x00007ff925df0000 - 0x00007ff925ef7000 	C:\Windows\System32\MrmCoreR.dll
0x00007ff9248c0000 - 0x00007ff924b62000 	C:\Windows\System32\iertutil.dll
0x00007ff929ca0000 - 0x00007ff929cac000 	C:\WINDOWS\SYSTEM32\Secur32.dll
0x00007ff926350000 - 0x00007ff926369000 	C:\WINDOWS\SYSTEM32\samcli.dll
0x00007ff92ade0000 - 0x00007ff92ae03000 	C:\WINDOWS\SYSTEM32\SAMLIB.dll
0x00007ff92c720000 - 0x00007ff92c72d000 	C:\WINDOWS\SYSTEM32\netutils.dll
0x000000006e400000 - 0x000000006e41a000 	C:\Program Files\Java\jre1.8.0_111\bin\net.dll

VM Arguments:
jvm_args: -Dfile.encoding=Cp1252 
java_command: Interface.Main
java_class_path (initial): C:\Users\ranahamzaintisar\fypcode1\fypcode1\fypcode\StateMachineReader\bin;C:\Users\ranahamzaintisar\fypcode1\fypcode1\fypcode\StateMachineReader\Addons\alf-base.jar;C:\Users\ranahamzaintisar\fypcode1\fypcode1\fypcode\StateMachineReader\Addons\antlr-3.1.1-runtime.jar;C:\Users\ranahamzaintisar\fypcode1\fypcode1\fypcode\StateMachineReader\Addons\antlr-runtime-3.2.jar;C:\Users\ranahamzaintisar\fypcode1\fypcode1\fypcode\StateMachineReader\Addons\commons-logging.jar;C:\Users\ranahamzaintisar\fypcode1\fypcode1\fypcode\StateMachineReader\Addons\log4j.jar;C:\Users\ranahamzaintisar\fypcode1\fypcode1\fypcode\StateMachineReader\Addons\org.eclipse.emf.common_2.5.0.v200906151043.jar;C:\Users\ranahamzaintisar\fypcode1\fypcode1\fypcode\StateMachineReader\Addons\org.eclipse.emf.ecore_2.5.0.v200906151043.jar;C:\Users\ranahamzaintisar\fypcode1\fypcode1\fypcode\StateMachineReader\Addons\org.eclipse.emf.ecore.change_2.5.0.v200906151043.jar;C:\Users\ranahamzaintisar\fypcode1\fypcode1\fypcode\StateMachineReader\Addons\org.eclipse.emf.ecore.xmi_2.5.0.v200906151043.jar;C:\Users\ranahamzaintisar\fypcode1\fypcode1\fypcode\StateMachineReader\Addons\org.eclipse.emf.mapping.ecore2xml_2.5.0.v200906151043.jar;C:\Users\ranahamzaintisar\fypcode1\fypcode1\fypcode\StateMachineReader\Addons\org.eclipse.mofscript.fileresourcemodel.jar;C:\Users\ranahamzaintisar\fypcode1\fypcode1\fypcode\StateMachineReader\Addons\org.eclipse.mofscript.model.jar;C:\Users\ranahamzaintisar\fypcode1\fypcode1\fypcode\StateMachineReader\Addons\org.eclipse.mofscript.parser.jar;C:\Users\ranahamzaintisar\fypcode1\fypcode1\fypcode\StateMachineReader\Addons\org.eclipse.mofscript.runtime.jar;C:\Users\ranahamzaintisar\fypcode1\fypcode1\fypcode\StateMachineReader\Addons\org.eclipse.uml2.common_1.5.0.v201005031530.jar;C:\Users\ranahamzaintisar\fypcode1\fypcode1\fypcode\StateMachineReader\Addons\org.eclipse.uml2.uml_3.1.2.v201010261927.jar;C:\Users\ranahamzaintisar\fypcode1\fypcode1\fypcode\StateMachineReade
Launcher Type: SUN_STANDARD

Environment Variables:
PATH=C:/Program Files/Java/jre1.8.0_111/bin/server;C:/Program Files/Java/jre1.8.0_111/bin;C:/Program Files/Java/jre1.8.0_111/lib/amd64;C:\Program Files (x86)\Parallels\Parallels Tools\Applications;C:\ProgramData\Oracle\Java\javapath;C:\WINDOWS\system32;C:\WINDOWS;C:\WINDOWS\System32\Wbem;C:\WINDOWS\System32\WindowsPowerShell\v1.0\;C:\WINDOWS\system32\config\systemprofile\.dnx\bin;C:\Program Files\Microsoft DNX\Dnvm\;C:\Program Files\Microsoft SQL Server\120\Tools\Binn\;C:\Program Files (x86)\Windows Kits\8.1\Windows Performance Toolkit\;C:\Program Files\Microsoft SQL Server\130\Tools\Binn\;C:\Users\ranahamzaintisar\AppData\Local\Microsoft\WindowsApps;;\\Mac\Home\Desktop;
USERNAME=ranahamzaintisar
OS=Windows_NT
PROCESSOR_IDENTIFIER=Intel64 Family 6 Model 61 Stepping 4, GenuineIntel



---------------  S Y S T E M  ---------------

OS: Windows 10.0 , 64 bit Build 14393 (10.0.14393.0)

CPU:total 2 (2 cores per cpu, 1 threads per core) family 6 model 61 stepping 4, cmov, cx8, fxsr, mmx, sse, sse2, sse3, ssse3, sse4.1, sse4.2, popcnt, avx, avx2, aes, clmul, erms, lzcnt, tsc, bmi1, bmi2, adx

Memory: 4k page, physical 4193824k(1379256k free), swap 16776736k(2448k free)

vm_info: Java HotSpot(TM) 64-Bit Server VM (25.111-b14) for windows-amd64 JRE (1.8.0_111-b14), built on Sep 22 2016 19:24:05 by "java_re" with MS VC++ 10.0 (VS2010)

time: Sat Apr 01 18:30:38 2017
elapsed time: 51 seconds (0d 0h 0m 51s)

